2015/07/20 23:25:49 [error] [exception.CHttpException.404] exception 'CHttpException' with message 'Unable to resolve the request "gii/index.php".' in /mnt/disk_f/sources/yii/yii-1.1.16.bca042/framework/web/CWebApplication.php:286
Stack trace:
#0 /mnt/disk_f/sources/yii/yii-1.1.16.bca042/framework/web/CWebApplication.php(141): CWebApplication->runController('gii/index.php')
#1 /mnt/disk_f/sources/yii/yii-1.1.16.bca042/framework/base/CApplication.php(184): CWebApplication->processRequest()
#2 /mnt/disk_e/uda/webroot/index.php(13): CApplication->run()
#3 {main}
REQUEST_URI=/index.php?r=gii/index.php
HTTP_REFERER=http://home-server.home/index.php
---
2015/07/20 23:27:24 [error] [exception.CHttpException.404] exception 'CHttpException' with message 'Unable to resolve the request "gii/index.php".' in /mnt/disk_f/sources/yii/yii-1.1.16.bca042/framework/web/CWebApplication.php:286
Stack trace:
#0 /mnt/disk_f/sources/yii/yii-1.1.16.bca042/framework/web/CWebApplication.php(141): CWebApplication->runController('gii/index.php')
#1 /mnt/disk_f/sources/yii/yii-1.1.16.bca042/framework/base/CApplication.php(184): CWebApplication->processRequest()
#2 /mnt/disk_e/uda/webroot/index.php(13): CApplication->run()
#3 {main}
REQUEST_URI=/index.php?r=gii/index.php
HTTP_REFERER=http://home-server.home/index.php
---
2015/07/20 23:27:34 [error] [exception.CHttpException.403] exception 'CHttpException' with message 'You are not allowed to access this page.' in /mnt/disk_f/sources/yii/yii-1.1.16.bca042/framework/gii/GiiModule.php:170
Stack trace:
#0 /mnt/disk_f/sources/yii/yii-1.1.16.bca042/framework/web/CController.php(263): GiiModule->beforeControllerAction(Object(DefaultController), Object(CInlineAction))
#1 /mnt/disk_f/sources/yii/yii-1.1.16.bca042/framework/web/CWebApplication.php(282): CController->run('')
#2 /mnt/disk_f/sources/yii/yii-1.1.16.bca042/framework/web/CWebApplication.php(141): CWebApplication->runController('gii')
#3 /mnt/disk_f/sources/yii/yii-1.1.16.bca042/framework/base/CApplication.php(184): CWebApplication->processRequest()
#4 /mnt/disk_e/uda/webroot/index.php(13): CApplication->run()
#5 {main}
REQUEST_URI=/index.php?r=gii
---
2015/07/20 23:27:56 [error] [exception.CHttpException.403] exception 'CHttpException' with message 'You are not allowed to access this page.' in /mnt/disk_f/sources/yii/yii-1.1.16.bca042/framework/gii/GiiModule.php:170
Stack trace:
#0 /mnt/disk_f/sources/yii/yii-1.1.16.bca042/framework/web/CController.php(263): GiiModule->beforeControllerAction(Object(DefaultController), Object(CInlineAction))
#1 /mnt/disk_f/sources/yii/yii-1.1.16.bca042/framework/web/CWebApplication.php(282): CController->run('')
#2 /mnt/disk_f/sources/yii/yii-1.1.16.bca042/framework/web/CWebApplication.php(141): CWebApplication->runController('gii')
#3 /mnt/disk_f/sources/yii/yii-1.1.16.bca042/framework/base/CApplication.php(184): CWebApplication->processRequest()
#4 /mnt/disk_e/uda/webroot/index.php(13): CApplication->run()
#5 {main}
REQUEST_URI=/index.php?r=gii
---
2015/07/20 23:28:14 [error] [exception.CHttpException.403] exception 'CHttpException' with message 'You are not allowed to access this page.' in /mnt/disk_f/sources/yii/yii-1.1.16.bca042/framework/gii/GiiModule.php:170
Stack trace:
#0 /mnt/disk_f/sources/yii/yii-1.1.16.bca042/framework/web/CController.php(263): GiiModule->beforeControllerAction(Object(DefaultController), Object(CInlineAction))
#1 /mnt/disk_f/sources/yii/yii-1.1.16.bca042/framework/web/CWebApplication.php(282): CController->run('')
#2 /mnt/disk_f/sources/yii/yii-1.1.16.bca042/framework/web/CWebApplication.php(141): CWebApplication->runController('gii')
#3 /mnt/disk_f/sources/yii/yii-1.1.16.bca042/framework/base/CApplication.php(184): CWebApplication->processRequest()
#4 /mnt/disk_e/uda/webroot/index.php(13): CApplication->run()
#5 {main}
REQUEST_URI=/index.php?r=gii
---
2015/07/20 23:28:24 [error] [exception.CHttpException.404] exception 'CHttpException' with message 'Unable to resolve the request "gii/index.php".' in /mnt/disk_f/sources/yii/yii-1.1.16.bca042/framework/web/CWebApplication.php:286
Stack trace:
#0 /mnt/disk_f/sources/yii/yii-1.1.16.bca042/framework/web/CWebApplication.php(141): CWebApplication->runController('gii/index.php')
#1 /mnt/disk_f/sources/yii/yii-1.1.16.bca042/framework/base/CApplication.php(184): CWebApplication->processRequest()
#2 /mnt/disk_e/uda/webroot/index.php(13): CApplication->run()
#3 {main}
REQUEST_URI=/index.php?r=gii/index.php
HTTP_REFERER=http://home-server.home/index.php
---
2015/07/20 23:28:57 [error] [exception.CHttpException.403] exception 'CHttpException' with message 'You are not allowed to access this page.' in /mnt/disk_f/sources/yii/yii-1.1.16.bca042/framework/gii/GiiModule.php:170
Stack trace:
#0 /mnt/disk_f/sources/yii/yii-1.1.16.bca042/framework/web/CController.php(263): GiiModule->beforeControllerAction(Object(DefaultController), Object(CInlineAction))
#1 /mnt/disk_f/sources/yii/yii-1.1.16.bca042/framework/web/CWebApplication.php(282): CController->run('')
#2 /mnt/disk_f/sources/yii/yii-1.1.16.bca042/framework/web/CWebApplication.php(141): CWebApplication->runController('gii')
#3 /mnt/disk_f/sources/yii/yii-1.1.16.bca042/framework/base/CApplication.php(184): CWebApplication->processRequest()
#4 /mnt/disk_e/uda/webroot/index.php(13): CApplication->run()
#5 {main}
REQUEST_URI=/index.php?r=gii
---
2015/07/20 23:29:22 [error] [exception.CHttpException.403] exception 'CHttpException' with message 'You are not allowed to access this page.' in /mnt/disk_f/sources/yii/yii-1.1.16.bca042/framework/gii/GiiModule.php:170
Stack trace:
#0 /mnt/disk_f/sources/yii/yii-1.1.16.bca042/framework/web/CController.php(263): GiiModule->beforeControllerAction(Object(DefaultController), Object(CInlineAction))
#1 /mnt/disk_f/sources/yii/yii-1.1.16.bca042/framework/web/CWebApplication.php(282): CController->run('')
#2 /mnt/disk_f/sources/yii/yii-1.1.16.bca042/framework/web/CWebApplication.php(141): CWebApplication->runController('gii')
#3 /mnt/disk_f/sources/yii/yii-1.1.16.bca042/framework/base/CApplication.php(184): CWebApplication->processRequest()
#4 /mnt/disk_e/uda/webroot/index.php(13): CApplication->run()
#5 {main}
REQUEST_URI=/index.php?r=gii
---
2015/07/20 23:30:55 [error] [exception.CHttpException.403] exception 'CHttpException' with message 'You are not allowed to access this page.' in /mnt/disk_f/sources/yii/yii-1.1.16.bca042/framework/gii/GiiModule.php:170
Stack trace:
#0 /mnt/disk_f/sources/yii/yii-1.1.16.bca042/framework/web/CController.php(263): GiiModule->beforeControllerAction(Object(DefaultController), Object(CInlineAction))
#1 /mnt/disk_f/sources/yii/yii-1.1.16.bca042/framework/web/CWebApplication.php(282): CController->run('')
#2 /mnt/disk_f/sources/yii/yii-1.1.16.bca042/framework/web/CWebApplication.php(141): CWebApplication->runController('gii')
#3 /mnt/disk_f/sources/yii/yii-1.1.16.bca042/framework/base/CApplication.php(184): CWebApplication->processRequest()
#4 /mnt/disk_e/uda/webroot/index.php(13): CApplication->run()
#5 {main}
REQUEST_URI=/index.php?r=gii
---
2015/07/20 23:30:56 [error] [exception.CHttpException.404] exception 'CHttpException' with message 'Unable to resolve the request "gii/index.php".' in /mnt/disk_f/sources/yii/yii-1.1.16.bca042/framework/web/CWebApplication.php:286
Stack trace:
#0 /mnt/disk_f/sources/yii/yii-1.1.16.bca042/framework/web/CWebApplication.php(141): CWebApplication->runController('gii/index.php')
#1 /mnt/disk_f/sources/yii/yii-1.1.16.bca042/framework/base/CApplication.php(184): CWebApplication->processRequest()
#2 /mnt/disk_e/uda/webroot/index.php(13): CApplication->run()
#3 {main}
REQUEST_URI=/index.php?r=gii/index.php
HTTP_REFERER=http://home-server.home/index.php
---
2015/07/20 23:31:55 [error] [exception.CHttpException.404] exception 'CHttpException' with message 'The system is unable to find the requested action "gii".' in /mnt/disk_f/sources/yii/yii-1.1.16.bca042/framework/web/CController.php:483
Stack trace:
#0 /mnt/disk_f/sources/yii/yii-1.1.16.bca042/framework/web/CController.php(270): CController->missingAction('gii')
#1 /mnt/disk_f/sources/yii/yii-1.1.16.bca042/framework/web/CWebApplication.php(282): CController->run('gii')
#2 /mnt/disk_f/sources/yii/yii-1.1.16.bca042/framework/web/CWebApplication.php(141): CWebApplication->runController('site/gii')
#3 /mnt/disk_f/sources/yii/yii-1.1.16.bca042/framework/base/CApplication.php(184): CWebApplication->processRequest()
#4 /mnt/disk_e/uda/webroot/index.php(13): CApplication->run()
#5 {main}
REQUEST_URI=/index.php?r=site/gii
HTTP_REFERER=http://home-server.home/index.php
---
2015/07/20 23:32:18 [error] [exception.CHttpException.403] exception 'CHttpException' with message 'You are not allowed to access this page.' in /mnt/disk_f/sources/yii/yii-1.1.16.bca042/framework/gii/GiiModule.php:170
Stack trace:
#0 /mnt/disk_f/sources/yii/yii-1.1.16.bca042/framework/web/CController.php(263): GiiModule->beforeControllerAction(Object(DefaultController), Object(CInlineAction))
#1 /mnt/disk_f/sources/yii/yii-1.1.16.bca042/framework/web/CWebApplication.php(282): CController->run('')
#2 /mnt/disk_f/sources/yii/yii-1.1.16.bca042/framework/web/CWebApplication.php(141): CWebApplication->runController('gii')
#3 /mnt/disk_f/sources/yii/yii-1.1.16.bca042/framework/base/CApplication.php(184): CWebApplication->processRequest()
#4 /mnt/disk_e/uda/webroot/index.php(13): CApplication->run()
#5 {main}
REQUEST_URI=/index.php?r=gii
HTTP_REFERER=http://home-server.home/index.php?r=site/index
---
2015/07/20 23:32:53 [error] [exception.CHttpException.403] exception 'CHttpException' with message 'You are not allowed to access this page.' in /mnt/disk_f/sources/yii/yii-1.1.16.bca042/framework/gii/GiiModule.php:170
Stack trace:
#0 /mnt/disk_f/sources/yii/yii-1.1.16.bca042/framework/web/CController.php(263): GiiModule->beforeControllerAction(Object(DefaultController), Object(CInlineAction))
#1 /mnt/disk_f/sources/yii/yii-1.1.16.bca042/framework/web/CWebApplication.php(282): CController->run('index')
#2 /mnt/disk_f/sources/yii/yii-1.1.16.bca042/framework/web/CWebApplication.php(141): CWebApplication->runController('gii/default/ind...')
#3 /mnt/disk_f/sources/yii/yii-1.1.16.bca042/framework/base/CApplication.php(184): CWebApplication->processRequest()
#4 /mnt/disk_e/uda/webroot/index.php(13): CApplication->run()
#5 {main}
REQUEST_URI=/index.php?r=gii/default/index
HTTP_REFERER=http://home-server.home/index.php?r=gii
---
2015/07/20 23:34:09 [error] [exception.CHttpException.404] exception 'CHttpException' with message 'Unable to resolve the request "gii/index".' in /mnt/disk_f/sources/yii/yii-1.1.16.bca042/framework/web/CWebApplication.php:286
Stack trace:
#0 /mnt/disk_f/sources/yii/yii-1.1.16.bca042/framework/web/CWebApplication.php(141): CWebApplication->runController('gii/index')
#1 /mnt/disk_f/sources/yii/yii-1.1.16.bca042/framework/base/CApplication.php(184): CWebApplication->processRequest()
#2 /mnt/disk_e/uda/webroot/index.php(13): CApplication->run()
#3 {main}
REQUEST_URI=/index.php?r=gii/index
HTTP_REFERER=http://home-server.home/index.php
---
2015/07/20 23:34:19 [error] [exception.CHttpException.404] exception 'CHttpException' with message 'Unable to resolve the request "gii/login".' in /mnt/disk_f/sources/yii/yii-1.1.16.bca042/framework/web/CWebApplication.php:286
Stack trace:
#0 /mnt/disk_f/sources/yii/yii-1.1.16.bca042/framework/web/CWebApplication.php(141): CWebApplication->runController('gii/login')
#1 /mnt/disk_f/sources/yii/yii-1.1.16.bca042/framework/base/CApplication.php(184): CWebApplication->processRequest()
#2 /mnt/disk_e/uda/webroot/index.php(13): CApplication->run()
#3 {main}
REQUEST_URI=/index.php?r=gii/login
---
2015/07/21 00:01:50 [error] [exception.CHttpException.404] exception 'CHttpException' with message 'Unable to resolve the request "gii/index".' in /mnt/disk_f/sources/yii/yii-1.1.16.bca042/framework/web/CWebApplication.php:286
Stack trace:
#0 /mnt/disk_f/sources/yii/yii-1.1.16.bca042/framework/web/CWebApplication.php(141): CWebApplication->runController('gii/index')
#1 /mnt/disk_f/sources/yii/yii-1.1.16.bca042/framework/base/CApplication.php(184): CWebApplication->processRequest()
#2 /mnt/disk_e/uda/webroot/index.php(13): CApplication->run()
#3 {main}
REQUEST_URI=/index.php?r=gii/index
HTTP_REFERER=http://home-server.home/index.php
---
2015/07/21 00:10:15 [error] [system.db.CDbCommand] CDbCommand::fetchAll() failed: SQLSTATE[42S02]: Base table or view not found: 1146 Table 'uda.catagory' doesn't exist. The SQL statement executed was: SHOW FULL COLUMNS FROM `catagory`.
in /mnt/disk_e/uda/webroot/index.php (13)
2015/07/21 00:43:26 [error] [exception.CHttpException.404] exception 'CHttpException' with message 'Unable to resolve the request "category".' in /mnt/disk_f/sources/yii/yii-1.1.16.bca042/framework/web/CWebApplication.php:286
Stack trace:
#0 /mnt/disk_f/sources/yii/yii-1.1.16.bca042/framework/web/CWebApplication.php(141): CWebApplication->runController('category')
#1 /mnt/disk_f/sources/yii/yii-1.1.16.bca042/framework/base/CApplication.php(184): CWebApplication->processRequest()
#2 /mnt/disk_e/uda/webroot/index.php(13): CApplication->run()
#3 {main}
REQUEST_URI=/index.php?r=category
---
2015/07/21 00:43:40 [error] [exception.CHttpException.404] exception 'CHttpException' with message 'Unable to resolve the request "category/index".' in /mnt/disk_f/sources/yii/yii-1.1.16.bca042/framework/web/CWebApplication.php:286
Stack trace:
#0 /mnt/disk_f/sources/yii/yii-1.1.16.bca042/framework/web/CWebApplication.php(141): CWebApplication->runController('category/index')
#1 /mnt/disk_f/sources/yii/yii-1.1.16.bca042/framework/base/CApplication.php(184): CWebApplication->processRequest()
#2 /mnt/disk_e/uda/webroot/index.php(13): CApplication->run()
#3 {main}
REQUEST_URI=/index.php?r=category/index
---
2015/07/21 06:47:05 [error] [exception.CHttpException.403] exception 'CHttpException' with message 'You are not authorized to perform this action.' in /mnt/disk_f/sources/yii/yii-1.1.16.bca042/framework/web/auth/CAccessControlFilter.php:182
Stack trace:
#0 /mnt/disk_f/sources/yii/yii-1.1.16.bca042/framework/web/auth/CAccessControlFilter.php(145): CAccessControlFilter->accessDenied(Object(CWebUser), 'You are not aut...')
#1 /mnt/disk_f/sources/yii/yii-1.1.16.bca042/framework/web/filters/CFilter.php(38): CAccessControlFilter->preFilter(Object(CFilterChain))
#2 /mnt/disk_f/sources/yii/yii-1.1.16.bca042/framework/web/CController.php(1145): CFilter->filter(Object(CFilterChain))
#3 /mnt/disk_f/sources/yii/yii-1.1.16.bca042/framework/web/filters/CInlineFilter.php(58): CController->filterAccessControl(Object(CFilterChain))
#4 /mnt/disk_f/sources/yii/yii-1.1.16.bca042/framework/web/filters/CFilterChain.php(130): CInlineFilter->filter(Object(CFilterChain))
#5 /mnt/disk_f/sources/yii/yii-1.1.16.bca042/framework/web/CController.php(291): CFilterChain->run()
#6 /mnt/disk_f/sources/yii/yii-1.1.16.bca042/framework/web/CController.php(265): CController->runActionWithFilters(Object(CInlineAction), Array)
#7 /mnt/disk_f/sources/yii/yii-1.1.16.bca042/framework/web/CWebApplication.php(282): CController->run('admin')
#8 /mnt/disk_f/sources/yii/yii-1.1.16.bca042/framework/web/CWebApplication.php(141): CWebApplication->runController('dubbing/admin')
#9 /mnt/disk_f/sources/yii/yii-1.1.16.bca042/framework/base/CApplication.php(184): CWebApplication->processRequest()
#10 /mnt/disk_e/uda/webroot/index.php(13): CApplication->run()
#11 {main}
REQUEST_URI=/index.php?r=dubbing/admin
HTTP_REFERER=http://192.168.2.10/index.php?r=dubbing
---
2015/07/21 08:40:50 [error] [exception.CHttpException.403] exception 'CHttpException' with message 'You are not authorized to perform this action.' in /mnt/disk_f/sources/yii/yii-1.1.16.bca042/framework/web/auth/CAccessControlFilter.php:182
Stack trace:
#0 /mnt/disk_f/sources/yii/yii-1.1.16.bca042/framework/web/auth/CAccessControlFilter.php(145): CAccessControlFilter->accessDenied(Object(CWebUser), 'You are not aut...')
#1 /mnt/disk_f/sources/yii/yii-1.1.16.bca042/framework/web/filters/CFilter.php(38): CAccessControlFilter->preFilter(Object(CFilterChain))
#2 /mnt/disk_f/sources/yii/yii-1.1.16.bca042/framework/web/CController.php(1145): CFilter->filter(Object(CFilterChain))
#3 /mnt/disk_f/sources/yii/yii-1.1.16.bca042/framework/web/filters/CInlineFilter.php(58): CController->filterAccessControl(Object(CFilterChain))
#4 /mnt/disk_f/sources/yii/yii-1.1.16.bca042/framework/web/filters/CFilterChain.php(130): CInlineFilter->filter(Object(CFilterChain))
#5 /mnt/disk_f/sources/yii/yii-1.1.16.bca042/framework/web/CController.php(291): CFilterChain->run()
#6 /mnt/disk_f/sources/yii/yii-1.1.16.bca042/framework/web/CController.php(265): CController->runActionWithFilters(Object(CInlineAction), Array)
#7 /mnt/disk_f/sources/yii/yii-1.1.16.bca042/framework/web/CWebApplication.php(282): CController->run('admin')
#8 /mnt/disk_f/sources/yii/yii-1.1.16.bca042/framework/web/CWebApplication.php(141): CWebApplication->runController('category/admin')
#9 /mnt/disk_f/sources/yii/yii-1.1.16.bca042/framework/base/CApplication.php(184): CWebApplication->processRequest()
#10 /mnt/disk_e/uda/webroot/index.php(13): CApplication->run()
#11 {main}
REQUEST_URI=/index.php?r=category/admin
HTTP_REFERER=http://174.91.252.209/index.php?r=category
---
2015/07/21 09:34:44 [error] [exception.CHttpException.403] exception 'CHttpException' with message 'You are not authorized to perform this action.' in /mnt/disk_f/sources/yii/yii-1.1.16.bca042/framework/web/auth/CAccessControlFilter.php:182
Stack trace:
#0 /mnt/disk_f/sources/yii/yii-1.1.16.bca042/framework/web/auth/CAccessControlFilter.php(145): CAccessControlFilter->accessDenied(Object(CWebUser), 'You are not aut...')
#1 /mnt/disk_f/sources/yii/yii-1.1.16.bca042/framework/web/filters/CFilter.php(38): CAccessControlFilter->preFilter(Object(CFilterChain))
#2 /mnt/disk_f/sources/yii/yii-1.1.16.bca042/framework/web/CController.php(1145): CFilter->filter(Object(CFilterChain))
#3 /mnt/disk_f/sources/yii/yii-1.1.16.bca042/framework/web/filters/CInlineFilter.php(58): CController->filterAccessControl(Object(CFilterChain))
#4 /mnt/disk_f/sources/yii/yii-1.1.16.bca042/framework/web/filters/CFilterChain.php(130): CInlineFilter->filter(Object(CFilterChain))
#5 /mnt/disk_f/sources/yii/yii-1.1.16.bca042/framework/web/CController.php(291): CFilterChain->run()
#6 /mnt/disk_f/sources/yii/yii-1.1.16.bca042/framework/web/CController.php(265): CController->runActionWithFilters(Object(CInlineAction), Array)
#7 /mnt/disk_f/sources/yii/yii-1.1.16.bca042/framework/web/CWebApplication.php(282): CController->run('admin')
#8 /mnt/disk_f/sources/yii/yii-1.1.16.bca042/framework/web/CWebApplication.php(141): CWebApplication->runController('dubbing/admin')
#9 /mnt/disk_f/sources/yii/yii-1.1.16.bca042/framework/base/CApplication.php(184): CWebApplication->processRequest()
#10 /mnt/disk_e/uda/webroot/index.php(13): CApplication->run()
#11 {main}
REQUEST_URI=/index.php?r=dubbing/admin
HTTP_REFERER=http://174.91.252.209/index.php?r=dubbing
---
2015/07/21 10:05:46 [error] [exception.CHttpException.403] exception 'CHttpException' with message 'You are not authorized to perform this action.' in /mnt/disk_f/sources/yii/yii-1.1.16.bca042/framework/web/auth/CAccessControlFilter.php:182
Stack trace:
#0 /mnt/disk_f/sources/yii/yii-1.1.16.bca042/framework/web/auth/CAccessControlFilter.php(145): CAccessControlFilter->accessDenied(Object(CWebUser), 'You are not aut...')
#1 /mnt/disk_f/sources/yii/yii-1.1.16.bca042/framework/web/filters/CFilter.php(38): CAccessControlFilter->preFilter(Object(CFilterChain))
#2 /mnt/disk_f/sources/yii/yii-1.1.16.bca042/framework/web/CController.php(1145): CFilter->filter(Object(CFilterChain))
#3 /mnt/disk_f/sources/yii/yii-1.1.16.bca042/framework/web/filters/CInlineFilter.php(58): CController->filterAccessControl(Object(CFilterChain))
#4 /mnt/disk_f/sources/yii/yii-1.1.16.bca042/framework/web/filters/CFilterChain.php(130): CInlineFilter->filter(Object(CFilterChain))
#5 /mnt/disk_f/sources/yii/yii-1.1.16.bca042/framework/web/CController.php(291): CFilterChain->run()
#6 /mnt/disk_f/sources/yii/yii-1.1.16.bca042/framework/web/CController.php(265): CController->runActionWithFilters(Object(CInlineAction), Array)
#7 /mnt/disk_f/sources/yii/yii-1.1.16.bca042/framework/web/CWebApplication.php(282): CController->run('admin')
#8 /mnt/disk_f/sources/yii/yii-1.1.16.bca042/framework/web/CWebApplication.php(141): CWebApplication->runController('dubbing/admin')
#9 /mnt/disk_f/sources/yii/yii-1.1.16.bca042/framework/base/CApplication.php(184): CWebApplication->processRequest()
#10 /mnt/disk_e/uda/webroot/index.php(13): CApplication->run()
#11 {main}
REQUEST_URI=/index.php?r=dubbing/admin
HTTP_REFERER=http://174.91.252.209/index.php?r=dubbing
---
2015/07/21 11:21:22 [error] [exception.CHttpException.403] exception 'CHttpException' with message 'You are not authorized to perform this action.' in /mnt/disk_f/sources/yii/yii-1.1.16.bca042/framework/web/auth/CAccessControlFilter.php:182
Stack trace:
#0 /mnt/disk_f/sources/yii/yii-1.1.16.bca042/framework/web/auth/CAccessControlFilter.php(145): CAccessControlFilter->accessDenied(Object(CWebUser), 'You are not aut...')
#1 /mnt/disk_f/sources/yii/yii-1.1.16.bca042/framework/web/filters/CFilter.php(38): CAccessControlFilter->preFilter(Object(CFilterChain))
#2 /mnt/disk_f/sources/yii/yii-1.1.16.bca042/framework/web/CController.php(1145): CFilter->filter(Object(CFilterChain))
#3 /mnt/disk_f/sources/yii/yii-1.1.16.bca042/framework/web/filters/CInlineFilter.php(58): CController->filterAccessControl(Object(CFilterChain))
#4 /mnt/disk_f/sources/yii/yii-1.1.16.bca042/framework/web/filters/CFilterChain.php(130): CInlineFilter->filter(Object(CFilterChain))
#5 /mnt/disk_f/sources/yii/yii-1.1.16.bca042/framework/web/CController.php(291): CFilterChain->run()
#6 /mnt/disk_f/sources/yii/yii-1.1.16.bca042/framework/web/CController.php(265): CController->runActionWithFilters(Object(CInlineAction), Array)
#7 /mnt/disk_f/sources/yii/yii-1.1.16.bca042/framework/web/CWebApplication.php(282): CController->run('admin')
#8 /mnt/disk_f/sources/yii/yii-1.1.16.bca042/framework/web/CWebApplication.php(141): CWebApplication->runController('category/admin')
#9 /mnt/disk_f/sources/yii/yii-1.1.16.bca042/framework/base/CApplication.php(184): CWebApplication->processRequest()
#10 /mnt/disk_e/uda/webroot/index.php(13): CApplication->run()
#11 {main}
REQUEST_URI=/index.php?r=category/admin
HTTP_REFERER=http://174.91.252.209/index.php?r=category
---
2015/07/21 11:28:41 [error] [exception.CHttpException.403] exception 'CHttpException' with message 'You are not authorized to perform this action.' in /mnt/disk_f/sources/yii/yii-1.1.16.bca042/framework/web/auth/CAccessControlFilter.php:182
Stack trace:
#0 /mnt/disk_f/sources/yii/yii-1.1.16.bca042/framework/web/auth/CAccessControlFilter.php(145): CAccessControlFilter->accessDenied(Object(CWebUser), 'You are not aut...')
#1 /mnt/disk_f/sources/yii/yii-1.1.16.bca042/framework/web/filters/CFilter.php(38): CAccessControlFilter->preFilter(Object(CFilterChain))
#2 /mnt/disk_f/sources/yii/yii-1.1.16.bca042/framework/web/CController.php(1145): CFilter->filter(Object(CFilterChain))
#3 /mnt/disk_f/sources/yii/yii-1.1.16.bca042/framework/web/filters/CInlineFilter.php(58): CController->filterAccessControl(Object(CFilterChain))
#4 /mnt/disk_f/sources/yii/yii-1.1.16.bca042/framework/web/filters/CFilterChain.php(130): CInlineFilter->filter(Object(CFilterChain))
#5 /mnt/disk_f/sources/yii/yii-1.1.16.bca042/framework/web/CController.php(291): CFilterChain->run()
#6 /mnt/disk_f/sources/yii/yii-1.1.16.bca042/framework/web/CController.php(265): CController->runActionWithFilters(Object(CInlineAction), Array)
#7 /mnt/disk_f/sources/yii/yii-1.1.16.bca042/framework/web/CWebApplication.php(282): CController->run('admin')
#8 /mnt/disk_f/sources/yii/yii-1.1.16.bca042/framework/web/CWebApplication.php(141): CWebApplication->runController('dubbing/admin')
#9 /mnt/disk_f/sources/yii/yii-1.1.16.bca042/framework/base/CApplication.php(184): CWebApplication->processRequest()
#10 /mnt/disk_e/uda/webroot/index.php(13): CApplication->run()
#11 {main}
REQUEST_URI=/index.php?r=dubbing/admin
HTTP_REFERER=http://174.91.252.209/index.php?r=dubbing
---
2015/07/21 11:50:38 [error] [exception.CHttpException.403] exception 'CHttpException' with message 'You are not authorized to perform this action.' in /mnt/disk_f/sources/yii/yii-1.1.16.bca042/framework/web/auth/CAccessControlFilter.php:182
Stack trace:
#0 /mnt/disk_f/sources/yii/yii-1.1.16.bca042/framework/web/auth/CAccessControlFilter.php(145): CAccessControlFilter->accessDenied(Object(CWebUser), 'You are not aut...')
#1 /mnt/disk_f/sources/yii/yii-1.1.16.bca042/framework/web/filters/CFilter.php(38): CAccessControlFilter->preFilter(Object(CFilterChain))
#2 /mnt/disk_f/sources/yii/yii-1.1.16.bca042/framework/web/CController.php(1145): CFilter->filter(Object(CFilterChain))
#3 /mnt/disk_f/sources/yii/yii-1.1.16.bca042/framework/web/filters/CInlineFilter.php(58): CController->filterAccessControl(Object(CFilterChain))
#4 /mnt/disk_f/sources/yii/yii-1.1.16.bca042/framework/web/filters/CFilterChain.php(130): CInlineFilter->filter(Object(CFilterChain))
#5 /mnt/disk_f/sources/yii/yii-1.1.16.bca042/framework/web/CController.php(291): CFilterChain->run()
#6 /mnt/disk_f/sources/yii/yii-1.1.16.bca042/framework/web/CController.php(265): CController->runActionWithFilters(Object(CInlineAction), Array)
#7 /mnt/disk_f/sources/yii/yii-1.1.16.bca042/framework/web/CWebApplication.php(282): CController->run('admin')
#8 /mnt/disk_f/sources/yii/yii-1.1.16.bca042/framework/web/CWebApplication.php(141): CWebApplication->runController('category/admin')
#9 /mnt/disk_f/sources/yii/yii-1.1.16.bca042/framework/base/CApplication.php(184): CWebApplication->processRequest()
#10 /mnt/disk_e/uda/webroot/index.php(13): CApplication->run()
#11 {main}
REQUEST_URI=/index.php?r=category/admin
HTTP_REFERER=http://174.91.252.209/index.php?r=category/create
---
2015/07/21 12:01:24 [error] [exception.CHttpException.403] exception 'CHttpException' with message 'You are not authorized to perform this action.' in /mnt/disk_f/sources/yii/yii-1.1.16.bca042/framework/web/auth/CAccessControlFilter.php:182
Stack trace:
#0 /mnt/disk_f/sources/yii/yii-1.1.16.bca042/framework/web/auth/CAccessControlFilter.php(145): CAccessControlFilter->accessDenied(Object(CWebUser), 'You are not aut...')
#1 /mnt/disk_f/sources/yii/yii-1.1.16.bca042/framework/web/filters/CFilter.php(38): CAccessControlFilter->preFilter(Object(CFilterChain))
#2 /mnt/disk_f/sources/yii/yii-1.1.16.bca042/framework/web/CController.php(1145): CFilter->filter(Object(CFilterChain))
#3 /mnt/disk_f/sources/yii/yii-1.1.16.bca042/framework/web/filters/CInlineFilter.php(58): CController->filterAccessControl(Object(CFilterChain))
#4 /mnt/disk_f/sources/yii/yii-1.1.16.bca042/framework/web/filters/CFilterChain.php(130): CInlineFilter->filter(Object(CFilterChain))
#5 /mnt/disk_f/sources/yii/yii-1.1.16.bca042/framework/web/CController.php(291): CFilterChain->run()
#6 /mnt/disk_f/sources/yii/yii-1.1.16.bca042/framework/web/CController.php(265): CController->runActionWithFilters(Object(CInlineAction), Array)
#7 /mnt/disk_f/sources/yii/yii-1.1.16.bca042/framework/web/CWebApplication.php(282): CController->run('admin')
#8 /mnt/disk_f/sources/yii/yii-1.1.16.bca042/framework/web/CWebApplication.php(141): CWebApplication->runController('category/admin')
#9 /mnt/disk_f/sources/yii/yii-1.1.16.bca042/framework/base/CApplication.php(184): CWebApplication->processRequest()
#10 /mnt/disk_e/uda/webroot/index.php(13): CApplication->run()
#11 {main}
REQUEST_URI=/index.php?r=category/admin
HTTP_REFERER=http://174.91.252.209/index.php?r=category/view&id=2
---
2015/07/22 09:27:19 [error] [exception.CHttpException.403] exception 'CHttpException' with message 'Vous n'êtes pas autorisé à effectuer cette action.' in /mnt/disk_f/sources/yii/yii-1.1.16.bca042/framework/web/auth/CAccessControlFilter.php:182
Stack trace:
#0 /mnt/disk_f/sources/yii/yii-1.1.16.bca042/framework/web/auth/CAccessControlFilter.php(145): CAccessControlFilter->accessDenied(Object(CWebUser), 'Vous n'??tes pa...')
#1 /mnt/disk_f/sources/yii/yii-1.1.16.bca042/framework/web/filters/CFilter.php(38): CAccessControlFilter->preFilter(Object(CFilterChain))
#2 /mnt/disk_f/sources/yii/yii-1.1.16.bca042/framework/web/CController.php(1145): CFilter->filter(Object(CFilterChain))
#3 /mnt/disk_f/sources/yii/yii-1.1.16.bca042/framework/web/filters/CInlineFilter.php(58): CController->filterAccessControl(Object(CFilterChain))
#4 /mnt/disk_f/sources/yii/yii-1.1.16.bca042/framework/web/filters/CFilterChain.php(130): CInlineFilter->filter(Object(CFilterChain))
#5 /mnt/disk_f/sources/yii/yii-1.1.16.bca042/framework/web/CController.php(291): CFilterChain->run()
#6 /mnt/disk_f/sources/yii/yii-1.1.16.bca042/framework/web/CController.php(265): CController->runActionWithFilters(Object(CInlineAction), Array)
#7 /mnt/disk_f/sources/yii/yii-1.1.16.bca042/framework/web/CWebApplication.php(282): CController->run('admin')
#8 /mnt/disk_f/sources/yii/yii-1.1.16.bca042/framework/web/CWebApplication.php(141): CWebApplication->runController('dubbing/admin')
#9 /mnt/disk_f/sources/yii/yii-1.1.16.bca042/framework/base/CApplication.php(184): CWebApplication->processRequest()
#10 /mnt/disk_e/uda/webroot/index.php(13): CApplication->run()
#11 {main}
REQUEST_URI=/index.php?r=dubbing/admin
HTTP_REFERER=http://174.91.252.209/index.php?r=site/login
---
2015/07/22 09:31:15 [error] [php] Invalid argument supplied for foreach() (/mnt/disk_f/sources/yii/yii-1.1.16.bca042/framework/zii/widgets/grid/CGridView.php:380)
Stack trace:
#0 /mnt/disk_f/sources/yii/yii-1.1.16.bca042/framework/web/CBaseController.php(180): DubbingController->createWidget()
#1 /mnt/disk_e/uda/webroot/protected/views/dubbing/admin.php(48): DubbingController->widget()
#2 /mnt/disk_f/sources/yii/yii-1.1.16.bca042/framework/web/CBaseController.php(126): require()
#3 /mnt/disk_f/sources/yii/yii-1.1.16.bca042/framework/web/CBaseController.php(95): DubbingController->renderInternal()
#4 /mnt/disk_f/sources/yii/yii-1.1.16.bca042/framework/web/CController.php(869): DubbingController->renderFile()
#5 /mnt/disk_f/sources/yii/yii-1.1.16.bca042/framework/web/CController.php(782): DubbingController->renderPartial()
#6 /mnt/disk_e/uda/webroot/protected/controllers/DubbingController.php(143): DubbingController->render()
#7 /mnt/disk_f/sources/yii/yii-1.1.16.bca042/framework/web/actions/CInlineAction.php(49): DubbingController->actionAdmin()
#8 /mnt/disk_f/sources/yii/yii-1.1.16.bca042/framework/web/CController.php(308): CInlineAction->runWithParams()
#9 /mnt/disk_f/sources/yii/yii-1.1.16.bca042/framework/web/filters/CFilterChain.php(133): DubbingController->runAction()
#10 /mnt/disk_f/sources/yii/yii-1.1.16.bca042/framework/web/filters/CFilter.php(40): CFilterChain->run()
#11 /mnt/disk_f/sources/yii/yii-1.1.16.bca042/framework/web/CController.php(1145): CAccessControlFilter->filter()
#12 /mnt/disk_f/sources/yii/yii-1.1.16.bca042/framework/web/filters/CInlineFilter.php(58): DubbingController->filterAccessControl()
#13 /mnt/disk_f/sources/yii/yii-1.1.16.bca042/framework/web/filters/CFilterChain.php(130): CInlineFilter->filter()
#14 /mnt/disk_f/sources/yii/yii-1.1.16.bca042/framework/web/CController.php(291): CFilterChain->run()
#15 /mnt/disk_f/sources/yii/yii-1.1.16.bca042/framework/web/CController.php(265): DubbingController->runActionWithFilters()
#16 /mnt/disk_f/sources/yii/yii-1.1.16.bca042/framework/web/CWebApplication.php(282): DubbingController->run()
#17 /mnt/disk_f/sources/yii/yii-1.1.16.bca042/framework/web/CWebApplication.php(141): CWebApplication->runController()
#18 /mnt/disk_f/sources/yii/yii-1.1.16.bca042/framework/base/CApplication.php(184): CWebApplication->processRequest()
#19 /mnt/disk_e/uda/webroot/index.php(13): CWebApplication->run()
REQUEST_URI=/index.php?r=dubbing/admin
in /mnt/disk_e/uda/webroot/protected/views/dubbing/admin.php (48)
in /mnt/disk_e/uda/webroot/protected/controllers/DubbingController.php (143)
in /mnt/disk_e/uda/webroot/index.php (13)
2015/07/22 10:01:35 [error] [php] Undefined variable: dataProvider (/mnt/disk_e/uda/webroot/protected/views/dubbing/admin.php:46)
Stack trace:
#0 /mnt/disk_f/sources/yii/yii-1.1.16.bca042/framework/web/CController.php(869): DubbingController->renderFile()
#1 /mnt/disk_f/sources/yii/yii-1.1.16.bca042/framework/web/CController.php(782): DubbingController->renderPartial()
#2 /mnt/disk_e/uda/webroot/protected/controllers/DubbingController.php(143): DubbingController->render()
#3 /mnt/disk_f/sources/yii/yii-1.1.16.bca042/framework/web/actions/CInlineAction.php(49): DubbingController->actionAdmin()
#4 /mnt/disk_f/sources/yii/yii-1.1.16.bca042/framework/web/CController.php(308): CInlineAction->runWithParams()
#5 /mnt/disk_f/sources/yii/yii-1.1.16.bca042/framework/web/filters/CFilterChain.php(133): DubbingController->runAction()
#6 /mnt/disk_f/sources/yii/yii-1.1.16.bca042/framework/web/filters/CFilter.php(40): CFilterChain->run()
#7 /mnt/disk_f/sources/yii/yii-1.1.16.bca042/framework/web/CController.php(1145): CAccessControlFilter->filter()
#8 /mnt/disk_f/sources/yii/yii-1.1.16.bca042/framework/web/filters/CInlineFilter.php(58): DubbingController->filterAccessControl()
#9 /mnt/disk_f/sources/yii/yii-1.1.16.bca042/framework/web/filters/CFilterChain.php(130): CInlineFilter->filter()
#10 /mnt/disk_f/sources/yii/yii-1.1.16.bca042/framework/web/CController.php(291): CFilterChain->run()
#11 /mnt/disk_f/sources/yii/yii-1.1.16.bca042/framework/web/CController.php(265): DubbingController->runActionWithFilters()
#12 /mnt/disk_f/sources/yii/yii-1.1.16.bca042/framework/web/CWebApplication.php(282): DubbingController->run()
#13 /mnt/disk_f/sources/yii/yii-1.1.16.bca042/framework/web/CWebApplication.php(141): CWebApplication->runController()
#14 /mnt/disk_f/sources/yii/yii-1.1.16.bca042/framework/base/CApplication.php(184): CWebApplication->processRequest()
#15 /mnt/disk_e/uda/webroot/index.php(13): CWebApplication->run()
REQUEST_URI=/index.php?r=dubbing/admin
in /mnt/disk_e/uda/webroot/protected/views/dubbing/admin.php (46)
in /mnt/disk_e/uda/webroot/protected/controllers/DubbingController.php (143)
in /mnt/disk_e/uda/webroot/index.php (13)
2015/07/22 10:51:08 [error] [exception.CException] exception 'CException' with message 'Dubbing and its behaviors do not have a method or closure named "getSearchCriteria".' in /mnt/disk_f/sources/yii/yii-1.1.16.bca042/framework/base/CComponent.php:266
Stack trace:
#0 /mnt/disk_f/sources/yii/yii-1.1.16.bca042/framework/db/ar/CActiveRecord.php(227): CComponent->__call('getSearchCriter...', Array)
#1 /mnt/disk_e/uda/webroot/protected/controllers/DubbingController.php(170): CActiveRecord->__call('getSearchCriter...', Array)
#2 /mnt/disk_e/uda/webroot/protected/controllers/DubbingController.php(170): Dubbing->getSearchCriteria()
#3 /mnt/disk_f/sources/yii/yii-1.1.16.bca042/framework/web/actions/CInlineAction.php(49): DubbingController->actionReport()
#4 /mnt/disk_f/sources/yii/yii-1.1.16.bca042/framework/web/CController.php(308): CInlineAction->runWithParams(Array)
#5 /mnt/disk_f/sources/yii/yii-1.1.16.bca042/framework/web/filters/CFilterChain.php(133): CController->runAction(Object(CInlineAction))
#6 /mnt/disk_f/sources/yii/yii-1.1.16.bca042/framework/web/filters/CFilter.php(40): CFilterChain->run()
#7 /mnt/disk_f/sources/yii/yii-1.1.16.bca042/framework/web/CController.php(1145): CFilter->filter(Object(CFilterChain))
#8 /mnt/disk_f/sources/yii/yii-1.1.16.bca042/framework/web/filters/CInlineFilter.php(58): CController->filterAccessControl(Object(CFilterChain))
#9 /mnt/disk_f/sources/yii/yii-1.1.16.bca042/framework/web/filters/CFilterChain.php(130): CInlineFilter->filter(Object(CFilterChain))
#10 /mnt/disk_f/sources/yii/yii-1.1.16.bca042/framework/web/CController.php(291): CFilterChain->run()
#11 /mnt/disk_f/sources/yii/yii-1.1.16.bca042/framework/web/CController.php(265): CController->runActionWithFilters(Object(CInlineAction), Array)
#12 /mnt/disk_f/sources/yii/yii-1.1.16.bca042/framework/web/CWebApplication.php(282): CController->run('report')
#13 /mnt/disk_f/sources/yii/yii-1.1.16.bca042/framework/web/CWebApplication.php(141): CWebApplication->runController('dubbing/report')
#14 /mnt/disk_f/sources/yii/yii-1.1.16.bca042/framework/base/CApplication.php(184): CWebApplication->processRequest()
#15 /mnt/disk_e/uda/webroot/index.php(13): CApplication->run()
#16 {main}
REQUEST_URI=/index.php?r=dubbing/report
---
2015/07/22 10:57:11 [error] [exception.CException] exception 'CException' with message 'La propriété « Category.date_dubbing » est indéfinie.' in /mnt/disk_f/sources/yii/yii-1.1.16.bca042/framework/base/CComponent.php:130
Stack trace:
#0 /mnt/disk_f/sources/yii/yii-1.1.16.bca042/framework/db/ar/CActiveRecord.php(145): CComponent->__get('date_dubbing')
#1 /mnt/disk_f/sources/yii/yii-1.1.16.bca042/framework/base/CComponent.php(612) : eval()'d code(1): CActiveRecord->__get('date_dubbing')
#2 /mnt/disk_f/sources/yii/yii-1.1.16.bca042/framework/base/CComponent.php(612): eval()
#3 /mnt/disk_f/sources/yii/yii-1.1.16.bca042/framework/zii/widgets/grid/CDataColumn.php(142): CComponent->evaluateExpression('empty($data->da...', Array)
#4 /mnt/disk_f/sources/yii/yii-1.1.16.bca042/framework/zii/widgets/grid/CGridColumn.php(231): CDataColumn->getDataCellContent(0)
#5 /mnt/disk_f/sources/yii/yii-1.1.16.bca042/framework/zii/widgets/grid/CGridColumn.php(154): CGridColumn->renderDataCellContent(0, Object(Dubbing))
#6 /mnt/disk_f/sources/yii/yii-1.1.16.bca042/framework/zii/widgets/grid/CGridView.php(638): CGridColumn->renderDataCell(0)
#7 /mnt/disk_f/sources/yii/yii-1.1.16.bca042/framework/zii/widgets/grid/CGridView.php(622): CGridView->renderDataCell(Object(CDataColumn), 0)
#8 /mnt/disk_f/sources/yii/yii-1.1.16.bca042/framework/zii/widgets/grid/CGridView.php(578): CGridView->renderTableRow(0)
#9 /mnt/disk_f/sources/yii/yii-1.1.16.bca042/framework/zii/widgets/grid/CGridView.php(488): CGridView->renderTableBody()
#10 /mnt/disk_f/sources/yii/yii-1.1.16.bca042/framework/zii/widgets/CBaseListView.php(181): CGridView->renderItems()
#11 [internal function]: CBaseListView->renderSection(Array)
#12 /mnt/disk_f/sources/yii/yii-1.1.16.bca042/framework/zii/widgets/CBaseListView.php(164): preg_replace_callback('/{(\w+)}/', Array, '{summary}?{item...')
#13 /mnt/disk_f/sources/yii/yii-1.1.16.bca042/framework/zii/widgets/CBaseListView.php(149): CBaseListView->renderContent()
#14 /mnt/disk_f/sources/yii/yii-1.1.16.bca042/framework/web/CBaseController.php(181): CBaseListView->run()
#15 /mnt/disk_e/uda/webroot/protected/views/dubbing/admin.php(49): CBaseController->widget('zii.widgets.gri...', Array)
#16 /mnt/disk_f/sources/yii/yii-1.1.16.bca042/framework/web/CBaseController.php(126): require('/mnt/disk_e/uda...')
#17 /mnt/disk_f/sources/yii/yii-1.1.16.bca042/framework/web/CBaseController.php(95): CBaseController->renderInternal('/mnt/disk_e/uda...', Array, true)
#18 /mnt/disk_f/sources/yii/yii-1.1.16.bca042/framework/web/CController.php(869): CBaseController->renderFile('/mnt/disk_e/uda...', Array, true)
#19 /mnt/disk_f/sources/yii/yii-1.1.16.bca042/framework/web/CController.php(782): CController->renderPartial('admin', Array, true)
#20 /mnt/disk_e/uda/webroot/protected/controllers/DubbingController.php(176): CController->render('admin', Array)
#21 /mnt/disk_f/sources/yii/yii-1.1.16.bca042/framework/web/actions/CInlineAction.php(49): DubbingController->actionReport()
#22 /mnt/disk_f/sources/yii/yii-1.1.16.bca042/framework/web/CController.php(308): CInlineAction->runWithParams(Array)
#23 /mnt/disk_f/sources/yii/yii-1.1.16.bca042/framework/web/filters/CFilterChain.php(133): CController->runAction(Object(CInlineAction))
#24 /mnt/disk_f/sources/yii/yii-1.1.16.bca042/framework/web/filters/CFilter.php(40): CFilterChain->run()
#25 /mnt/disk_f/sources/yii/yii-1.1.16.bca042/framework/web/CController.php(1145): CFilter->filter(Object(CFilterChain))
#26 /mnt/disk_f/sources/yii/yii-1.1.16.bca042/framework/web/filters/CInlineFilter.php(58): CController->filterAccessControl(Object(CFilterChain))
#27 /mnt/disk_f/sources/yii/yii-1.1.16.bca042/framework/web/filters/CFilterChain.php(130): CInlineFilter->filter(Object(CFilterChain))
#28 /mnt/disk_f/sources/yii/yii-1.1.16.bca042/framework/web/CController.php(291): CFilterChain->run()
#29 /mnt/disk_f/sources/yii/yii-1.1.16.bca042/framework/web/CController.php(265): CController->runActionWithFilters(Object(CInlineAction), Array)
#30 /mnt/disk_f/sources/yii/yii-1.1.16.bca042/framework/web/CWebApplication.php(282): CController->run('report')
#31 /mnt/disk_f/sources/yii/yii-1.1.16.bca042/framework/web/CWebApplication.php(141): CWebApplication->runController('dubbing/report')
#32 /mnt/disk_f/sources/yii/yii-1.1.16.bca042/framework/base/CApplication.php(184): CWebApplication->processRequest()
#33 /mnt/disk_e/uda/webroot/index.php(13): CApplication->run()
#34 {main}
REQUEST_URI=/index.php?r=dubbing/report
---
2015/07/22 10:57:51 [error] [exception.CException] exception 'CException' with message 'La propriété « Category.date_dubbing » est indéfinie.' in /mnt/disk_f/sources/yii/yii-1.1.16.bca042/framework/base/CComponent.php:130
Stack trace:
#0 /mnt/disk_f/sources/yii/yii-1.1.16.bca042/framework/db/ar/CActiveRecord.php(145): CComponent->__get('date_dubbing')
#1 /mnt/disk_f/sources/yii/yii-1.1.16.bca042/framework/base/CComponent.php(612) : eval()'d code(1): CActiveRecord->__get('date_dubbing')
#2 /mnt/disk_f/sources/yii/yii-1.1.16.bca042/framework/base/CComponent.php(612): eval()
#3 /mnt/disk_f/sources/yii/yii-1.1.16.bca042/framework/zii/widgets/grid/CDataColumn.php(142): CComponent->evaluateExpression('empty($data->da...', Array)
#4 /mnt/disk_f/sources/yii/yii-1.1.16.bca042/framework/zii/widgets/grid/CGridColumn.php(231): CDataColumn->getDataCellContent(0)
#5 /mnt/disk_f/sources/yii/yii-1.1.16.bca042/framework/zii/widgets/grid/CGridColumn.php(154): CGridColumn->renderDataCellContent(0, Object(Dubbing))
#6 /mnt/disk_f/sources/yii/yii-1.1.16.bca042/framework/zii/widgets/grid/CGridView.php(638): CGridColumn->renderDataCell(0)
#7 /mnt/disk_f/sources/yii/yii-1.1.16.bca042/framework/zii/widgets/grid/CGridView.php(622): CGridView->renderDataCell(Object(CDataColumn), 0)
#8 /mnt/disk_f/sources/yii/yii-1.1.16.bca042/framework/zii/widgets/grid/CGridView.php(578): CGridView->renderTableRow(0)
#9 /mnt/disk_f/sources/yii/yii-1.1.16.bca042/framework/zii/widgets/grid/CGridView.php(488): CGridView->renderTableBody()
#10 /mnt/disk_f/sources/yii/yii-1.1.16.bca042/framework/zii/widgets/CBaseListView.php(181): CGridView->renderItems()
#11 [internal function]: CBaseListView->renderSection(Array)
#12 /mnt/disk_f/sources/yii/yii-1.1.16.bca042/framework/zii/widgets/CBaseListView.php(164): preg_replace_callback('/{(\w+)}/', Array, '{summary}?{item...')
#13 /mnt/disk_f/sources/yii/yii-1.1.16.bca042/framework/zii/widgets/CBaseListView.php(149): CBaseListView->renderContent()
#14 /mnt/disk_f/sources/yii/yii-1.1.16.bca042/framework/web/CBaseController.php(181): CBaseListView->run()
#15 /mnt/disk_e/uda/webroot/protected/views/dubbing/admin.php(49): CBaseController->widget('zii.widgets.gri...', Array)
#16 /mnt/disk_f/sources/yii/yii-1.1.16.bca042/framework/web/CBaseController.php(126): require('/mnt/disk_e/uda...')
#17 /mnt/disk_f/sources/yii/yii-1.1.16.bca042/framework/web/CBaseController.php(95): CBaseController->renderInternal('/mnt/disk_e/uda...', Array, true)
#18 /mnt/disk_f/sources/yii/yii-1.1.16.bca042/framework/web/CController.php(869): CBaseController->renderFile('/mnt/disk_e/uda...', Array, true)
#19 /mnt/disk_f/sources/yii/yii-1.1.16.bca042/framework/web/CController.php(782): CController->renderPartial('admin', Array, true)
#20 /mnt/disk_e/uda/webroot/protected/controllers/DubbingController.php(176): CController->render('admin', Array)
#21 /mnt/disk_f/sources/yii/yii-1.1.16.bca042/framework/web/actions/CInlineAction.php(49): DubbingController->actionReport()
#22 /mnt/disk_f/sources/yii/yii-1.1.16.bca042/framework/web/CController.php(308): CInlineAction->runWithParams(Array)
#23 /mnt/disk_f/sources/yii/yii-1.1.16.bca042/framework/web/filters/CFilterChain.php(133): CController->runAction(Object(CInlineAction))
#24 /mnt/disk_f/sources/yii/yii-1.1.16.bca042/framework/web/filters/CFilter.php(40): CFilterChain->run()
#25 /mnt/disk_f/sources/yii/yii-1.1.16.bca042/framework/web/CController.php(1145): CFilter->filter(Object(CFilterChain))
#26 /mnt/disk_f/sources/yii/yii-1.1.16.bca042/framework/web/filters/CInlineFilter.php(58): CController->filterAccessControl(Object(CFilterChain))
#27 /mnt/disk_f/sources/yii/yii-1.1.16.bca042/framework/web/filters/CFilterChain.php(130): CInlineFilter->filter(Object(CFilterChain))
#28 /mnt/disk_f/sources/yii/yii-1.1.16.bca042/framework/web/CController.php(291): CFilterChain->run()
#29 /mnt/disk_f/sources/yii/yii-1.1.16.bca042/framework/web/CController.php(265): CController->runActionWithFilters(Object(CInlineAction), Array)
#30 /mnt/disk_f/sources/yii/yii-1.1.16.bca042/framework/web/CWebApplication.php(282): CController->run('report')
#31 /mnt/disk_f/sources/yii/yii-1.1.16.bca042/framework/web/CWebApplication.php(141): CWebApplication->runController('dubbing/report')
#32 /mnt/disk_f/sources/yii/yii-1.1.16.bca042/framework/base/CApplication.php(184): CWebApplication->processRequest()
#33 /mnt/disk_e/uda/webroot/index.php(13): CApplication->run()
#34 {main}
REQUEST_URI=/index.php?r=dubbing/report
---
2015/07/22 11:03:07 [error] [exception.CHttpException.403] exception 'CHttpException' with message 'Vous n'êtes pas autorisé à effectuer cette action.' in /mnt/disk_f/sources/yii/yii-1.1.16.bca042/framework/web/auth/CAccessControlFilter.php:182
Stack trace:
#0 /mnt/disk_f/sources/yii/yii-1.1.16.bca042/framework/web/auth/CAccessControlFilter.php(145): CAccessControlFilter->accessDenied(Object(CWebUser), 'Vous n'??tes pa...')
#1 /mnt/disk_f/sources/yii/yii-1.1.16.bca042/framework/web/filters/CFilter.php(38): CAccessControlFilter->preFilter(Object(CFilterChain))
#2 /mnt/disk_f/sources/yii/yii-1.1.16.bca042/framework/web/CController.php(1145): CFilter->filter(Object(CFilterChain))
#3 /mnt/disk_f/sources/yii/yii-1.1.16.bca042/framework/web/filters/CInlineFilter.php(58): CController->filterAccessControl(Object(CFilterChain))
#4 /mnt/disk_f/sources/yii/yii-1.1.16.bca042/framework/web/filters/CFilterChain.php(130): CInlineFilter->filter(Object(CFilterChain))
#5 /mnt/disk_f/sources/yii/yii-1.1.16.bca042/framework/web/CController.php(291): CFilterChain->run()
#6 /mnt/disk_f/sources/yii/yii-1.1.16.bca042/framework/web/CController.php(265): CController->runActionWithFilters(Object(CInlineAction), Array)
#7 /mnt/disk_f/sources/yii/yii-1.1.16.bca042/framework/web/CWebApplication.php(282): CController->run('admin')
#8 /mnt/disk_f/sources/yii/yii-1.1.16.bca042/framework/web/CWebApplication.php(141): CWebApplication->runController('category/admin')
#9 /mnt/disk_f/sources/yii/yii-1.1.16.bca042/framework/base/CApplication.php(184): CWebApplication->processRequest()
#10 /mnt/disk_e/uda/webroot/index.php(13): CApplication->run()
#11 {main}
REQUEST_URI=/index.php?r=category/admin
HTTP_REFERER=http://174.91.252.209/index.php?r=category/create
---
2015/07/22 11:04:21 [error] [system.db.CDbCommand] CDbCommand::fetchAll() failed: SQLSTATE[HY000]: General error: 1221 Incorrect usage of CUBE/ROLLUP and ORDER BY. The SQL statement executed was: SELECT id_dubbing, id_category, date_dubbing, SUM(money_art) AS money_art, SUM(money_direct) AS money_direct, SUM(time_direct) AS time_direct, SUM(time_direct_maison) AS time_direct_maison FROM `dubbing` `t` WHERE id_category=:ycp0 GROUP BY date_dubbing, id_category WITH ROLLUP ORDER BY `t`.`money_art` LIMIT 10.
in /mnt/disk_e/uda/webroot/protected/views/dubbing/admin.php (49)
in /mnt/disk_e/uda/webroot/protected/controllers/DubbingController.php (176)
in /mnt/disk_e/uda/webroot/index.php (13)
2015/07/22 11:04:21 [error] [exception.CDbException] exception 'CDbException' with message 'CDbCommand n'a pas pu exécuter la commande SQL : SQLSTATE[HY000]: General error: 1221 Incorrect usage of CUBE/ROLLUP and ORDER BY. The SQL statement executed was: SELECT id_dubbing, id_category, date_dubbing, SUM(money_art) AS money_art, SUM(money_direct) AS money_direct, SUM(time_direct) AS time_direct, SUM(time_direct_maison) AS time_direct_maison FROM `dubbing` `t` WHERE id_category=:ycp0 GROUP BY date_dubbing, id_category WITH ROLLUP ORDER BY `t`.`money_art` LIMIT 10' in /mnt/disk_f/sources/yii/yii-1.1.16.bca042/framework/db/CDbCommand.php:543
Stack trace:
#0 /mnt/disk_f/sources/yii/yii-1.1.16.bca042/framework/db/CDbCommand.php(396): CDbCommand->queryInternal('fetchAll', Array, Array)
#1 /mnt/disk_f/sources/yii/yii-1.1.16.bca042/framework/db/ar/CActiveRecord.php(1356): CDbCommand->queryAll()
#2 /mnt/disk_f/sources/yii/yii-1.1.16.bca042/framework/db/ar/CActiveRecord.php(1475): CActiveRecord->query(Object(CDbCriteria), true)
#3 /mnt/disk_f/sources/yii/yii-1.1.16.bca042/framework/web/CActiveDataProvider.php(199): CActiveRecord->findAll(Object(CDbCriteria))
#4 /mnt/disk_f/sources/yii/yii-1.1.16.bca042/framework/web/CDataProvider.php(168): CActiveDataProvider->fetchData()
#5 /mnt/disk_f/sources/yii/yii-1.1.16.bca042/framework/zii/widgets/CBaseListView.php(125): CDataProvider->getData()
#6 /mnt/disk_f/sources/yii/yii-1.1.16.bca042/framework/zii/widgets/grid/CGridView.php(339): CBaseListView->init()
#7 /mnt/disk_f/sources/yii/yii-1.1.16.bca042/framework/web/CBaseController.php(147): CGridView->init()
#8 /mnt/disk_f/sources/yii/yii-1.1.16.bca042/framework/web/CBaseController.php(180): CBaseController->createWidget('zii.widgets.gri...', Array)
#9 /mnt/disk_e/uda/webroot/protected/views/dubbing/admin.php(49): CBaseController->widget('zii.widgets.gri...', Array)
#10 /mnt/disk_f/sources/yii/yii-1.1.16.bca042/framework/web/CBaseController.php(126): require('/mnt/disk_e/uda...')
#11 /mnt/disk_f/sources/yii/yii-1.1.16.bca042/framework/web/CBaseController.php(95): CBaseController->renderInternal('/mnt/disk_e/uda...', Array, true)
#12 /mnt/disk_f/sources/yii/yii-1.1.16.bca042/framework/web/CController.php(869): CBaseController->renderFile('/mnt/disk_e/uda...', Array, true)
#13 /mnt/disk_f/sources/yii/yii-1.1.16.bca042/framework/web/CController.php(782): CController->renderPartial('admin', Array, true)
#14 /mnt/disk_e/uda/webroot/protected/controllers/DubbingController.php(176): CController->render('admin', Array)
#15 /mnt/disk_f/sources/yii/yii-1.1.16.bca042/framework/web/actions/CInlineAction.php(49): DubbingController->actionReport()
#16 /mnt/disk_f/sources/yii/yii-1.1.16.bca042/framework/web/CController.php(308): CInlineAction->runWithParams(Array)
#17 /mnt/disk_f/sources/yii/yii-1.1.16.bca042/framework/web/filters/CFilterChain.php(133): CController->runAction(Object(CInlineAction))
#18 /mnt/disk_f/sources/yii/yii-1.1.16.bca042/framework/web/filters/CFilter.php(40): CFilterChain->run()
#19 /mnt/disk_f/sources/yii/yii-1.1.16.bca042/framework/web/CController.php(1145): CFilter->filter(Object(CFilterChain))
#20 /mnt/disk_f/sources/yii/yii-1.1.16.bca042/framework/web/filters/CInlineFilter.php(58): CController->filterAccessControl(Object(CFilterChain))
#21 /mnt/disk_f/sources/yii/yii-1.1.16.bca042/framework/web/filters/CFilterChain.php(130): CInlineFilter->filter(Object(CFilterChain))
#22 /mnt/disk_f/sources/yii/yii-1.1.16.bca042/framework/web/CController.php(291): CFilterChain->run()
#23 /mnt/disk_f/sources/yii/yii-1.1.16.bca042/framework/web/CController.php(265): CController->runActionWithFilters(Object(CInlineAction), Array)
#24 /mnt/disk_f/sources/yii/yii-1.1.16.bca042/framework/web/CWebApplication.php(282): CController->run('report')
#25 /mnt/disk_f/sources/yii/yii-1.1.16.bca042/framework/web/CWebApplication.php(141): CWebApplication->runController('dubbing/report')
#26 /mnt/disk_f/sources/yii/yii-1.1.16.bca042/framework/base/CApplication.php(184): CWebApplication->processRequest()
#27 /mnt/disk_e/uda/webroot/index.php(13): CApplication->run()
#28 {main}
REQUEST_URI=/index.php?Dubbing%5Bid_dubbing%5D=&Dubbing%5Bid_category%5D=1&Dubbing%5Bdate_dubbing%5D=&Dubbing%5Bmoney_art%5D=&Dubbing%5Bmoney_direct%5D=&Dubbing%5Btime_direct%5D=&Dubbing%5Btime_direct_maison%5D=&Dubbing_page=1&Dubbing_sort=money_art&ajax=dubbing-grid&r=dubbing%2Freport
HTTP_REFERER=http://174.91.252.209/index.php?r=Dubbing/report
---
2015/07/22 15:21:59 [error] [php] include(CServiceGlobal.php): failed to open stream: No such file or directory (/mnt/disk_f/sources/yii/yii-1.1.16.bca042/framework/YiiBase.php:432)
Stack trace:
#0 /mnt/disk_e/uda/webroot/protected/views/dubbing/admin.php(29): spl_autoload_call()
#1 /mnt/disk_f/sources/yii/yii-1.1.16.bca042/framework/web/CBaseController.php(126): require()
#2 /mnt/disk_f/sources/yii/yii-1.1.16.bca042/framework/web/CBaseController.php(95): DubbingController->renderInternal()
#3 /mnt/disk_f/sources/yii/yii-1.1.16.bca042/framework/web/CController.php(869): DubbingController->renderFile()
#4 /mnt/disk_f/sources/yii/yii-1.1.16.bca042/framework/web/CController.php(782): DubbingController->renderPartial()
#5 /mnt/disk_e/uda/webroot/protected/controllers/DubbingController.php(195): DubbingController->render()
#6 /mnt/disk_f/sources/yii/yii-1.1.16.bca042/framework/web/actions/CInlineAction.php(49): DubbingController->actionReport()
#7 /mnt/disk_f/sources/yii/yii-1.1.16.bca042/framework/web/CController.php(308): CInlineAction->runWithParams()
#8 /mnt/disk_f/sources/yii/yii-1.1.16.bca042/framework/web/filters/CFilterChain.php(133): DubbingController->runAction()
#9 /mnt/disk_f/sources/yii/yii-1.1.16.bca042/framework/web/filters/CFilter.php(40): CFilterChain->run()
#10 /mnt/disk_f/sources/yii/yii-1.1.16.bca042/framework/web/CController.php(1145): CAccessControlFilter->filter()
#11 /mnt/disk_f/sources/yii/yii-1.1.16.bca042/framework/web/filters/CInlineFilter.php(58): DubbingController->filterAccessControl()
#12 /mnt/disk_f/sources/yii/yii-1.1.16.bca042/framework/web/filters/CFilterChain.php(130): CInlineFilter->filter()
#13 /mnt/disk_f/sources/yii/yii-1.1.16.bca042/framework/web/CController.php(291): CFilterChain->run()
#14 /mnt/disk_f/sources/yii/yii-1.1.16.bca042/framework/web/CController.php(265): DubbingController->runActionWithFilters()
#15 /mnt/disk_f/sources/yii/yii-1.1.16.bca042/framework/web/CWebApplication.php(282): DubbingController->run()
#16 /mnt/disk_f/sources/yii/yii-1.1.16.bca042/framework/web/CWebApplication.php(141): CWebApplication->runController()
#17 /mnt/disk_f/sources/yii/yii-1.1.16.bca042/framework/base/CApplication.php(184): CWebApplication->processRequest()
#18 /mnt/disk_e/uda/webroot/index.php(13): CWebApplication->run()
REQUEST_URI=/index.php?r=dubbing/report&type=category
in /mnt/disk_e/uda/webroot/protected/views/dubbing/admin.php (29)
in /mnt/disk_e/uda/webroot/protected/controllers/DubbingController.php (195)
in /mnt/disk_e/uda/webroot/index.php (13)
